2024-11-08 15:57:48,278 - INFO - Database initialized with all tables and triggers.
2024-11-08 15:57:48,286 - INFO - Role 'Management' created successfully.
2024-11-08 15:57:48,295 - INFO - Role 'Commercial' created successfully.
2024-11-08 15:57:48,303 - INFO - Role 'Support' created successfully.
2024-11-08 15:57:48,313 - INFO - Default permissions inserted.
2024-11-08 15:58:05,821 - WARNING - Password for user 'root' is not strong enough.
2024-11-08 16:01:55,672 - INFO - Database initialized with all tables and triggers.
2024-11-08 16:01:55,684 - INFO - Role 'Management' created successfully.
2024-11-08 16:01:55,696 - INFO - Role 'Commercial' created successfully.
2024-11-08 16:01:55,709 - INFO - Role 'Support' created successfully.
2024-11-08 16:01:55,722 - INFO - Default permissions inserted.
2024-11-08 16:02:20,353 - INFO - User 'root' created successfully with role ID '1'.
2024-11-08 16:51:52,088 - INFO - Database initialized with all tables and triggers.
2024-11-08 16:51:52,101 - INFO - Role 'Management' created successfully.
2024-11-08 16:51:52,114 - INFO - Role 'Commercial' created successfully.
2024-11-08 16:51:52,127 - INFO - Role 'Support' created successfully.
2024-11-08 16:51:52,141 - INFO - Default permissions inserted.
2024-11-08 16:52:08,225 - INFO - User 'root' created successfully with role ID '1'.
2024-11-09 10:22:33,674 - INFO - Database initialized with all tables and triggers.
2024-11-09 10:22:33,683 - INFO - Role 'Management' created successfully.
2024-11-09 10:22:33,692 - INFO - Role 'Commercial' created successfully.
2024-11-09 10:22:33,701 - INFO - Role 'Support' created successfully.
2024-11-09 10:22:33,711 - INFO - Default permissions inserted.
2024-11-09 10:22:54,976 - WARNING - Password for user 'ROOT' is not strong enough.
2024-11-09 10:23:07,029 - INFO - Database initialized with all tables and triggers.
2024-11-09 10:23:07,039 - INFO - Role 'Management' created successfully.
2024-11-09 10:23:07,049 - INFO - Role 'Commercial' created successfully.
2024-11-09 10:23:07,060 - INFO - Role 'Support' created successfully.
2024-11-09 10:23:07,073 - INFO - Default permissions inserted.
2024-11-09 10:23:19,833 - WARNING - Password for user 'ROOT' is not strong enough.
2024-11-09 10:23:34,993 - INFO - Database initialized with all tables and triggers.
2024-11-09 10:23:35,002 - INFO - Role 'Management' created successfully.
2024-11-09 10:23:35,011 - INFO - Role 'Commercial' created successfully.
2024-11-09 10:23:35,020 - INFO - Role 'Support' created successfully.
2024-11-09 10:23:35,030 - INFO - Default permissions inserted.
2024-11-09 10:23:56,812 - INFO - User 'ROOT' created successfully with role ID '1'.
2024-11-09 10:24:41,449 - INFO - Database initialized with all tables and triggers.
2024-11-09 10:24:41,458 - INFO - Role 'Management' created successfully.
2024-11-09 10:24:41,467 - INFO - Role 'Commercial' created successfully.
2024-11-09 10:24:41,478 - INFO - Role 'Support' created successfully.
2024-11-09 10:24:41,488 - INFO - Default permissions inserted.
2024-11-09 10:25:09,264 - WARNING - Password for user 'Root' is not strong enough.
2024-11-09 10:25:45,971 - INFO - Database initialized with all tables and triggers.
2024-11-09 10:25:45,980 - INFO - Role 'Management' created successfully.
2024-11-09 10:25:45,989 - INFO - Role 'Commercial' created successfully.
2024-11-09 10:25:45,998 - INFO - Role 'Support' created successfully.
2024-11-09 10:25:46,008 - INFO - Default permissions inserted.
2024-11-09 10:26:12,805 - INFO - User 'Root' created successfully with role ID '1'.
