2024-10-19 10:55:55,472 - ERROR - Error while creating user root: name 'bcrypt' is not defined
2024-10-19 10:56:22,695 - WARNING - Failed authentication attempt for username: admin.
2024-10-19 10:56:28,090 - WARNING - Failed authentication attempt for username: root.
2024-10-21 14:30:29,481 - WARNING - Failed authentication attempt for username: root.
2024-10-21 14:41:59,564 - WARNING - Failed authentication attempt for username: root.
2024-10-21 14:42:02,063 - WARNING - Failed authentication attempt for username: root.
2024-10-21 14:42:07,726 - WARNING - Failed authentication attempt for username: root.
2024-10-21 14:42:13,674 - WARNING - Failed authentication attempt for username: root.
2024-10-21 15:54:03,869 - INFO - User root created with ID 1.
2024-10-21 15:54:03,872 - INFO - User root created successfully with role ID 1.
2024-10-21 16:01:34,949 - INFO - User root created with ID 1.
2024-10-21 16:01:34,951 - INFO - User root created successfully with role ID 1.
2024-10-21 16:01:58,199 - INFO - User root authenticated successfully.
2024-10-21 16:01:58,200 - INFO - Role Management retrieved for user ID 1.
2024-10-21 20:57:36,735 - INFO - User root authenticated successfully.
2024-10-21 20:57:36,737 - INFO - Role Management retrieved for user ID 1.
2024-10-22 17:46:52,767 - WARNING - Failed authentication attempt for username: root.
2024-10-22 17:47:01,168 - INFO - User root authenticated successfully.
2024-10-22 17:47:01,169 - INFO - Role Management retrieved for user ID 1.
2024-10-22 18:10:47,587 - INFO - User root authenticated successfully.
2024-10-22 18:10:47,588 - INFO - Role Management retrieved for user ID 1.
2024-10-22 18:11:33,495 - INFO - Client john@hotmail.com created with ID 1.
2024-10-22 18:11:33,497 - INFO - Client john doe created by user ID 1.
2024-10-22 18:13:31,531 - INFO - User root authenticated successfully.
2024-10-22 18:13:31,532 - INFO - Role Management retrieved for user ID 1.
2024-10-26 01:31:16,352 - INFO - User root authenticated successfully.
2024-10-26 01:31:16,354 - INFO - Role Management retrieved for user ID 1.
2024-10-26 09:53:56,125 - INFO - User root authenticated successfully.
2024-10-26 09:53:56,126 - INFO - Role Management retrieved for user ID 1.
2024-10-26 10:05:21,782 - INFO - User root authenticated successfully.
2024-10-26 10:05:21,784 - INFO - Role Management retrieved for user ID 1.
2024-10-26 10:08:59,062 - ERROR - Database error in User.update: no such column: bio
2024-10-26 10:10:05,093 - INFO - User root authenticated successfully.
2024-10-26 10:10:05,094 - INFO - Role Management retrieved for user ID 1.
2024-10-28 14:25:09,435 - INFO - User root authenticated successfully.
2024-10-28 14:25:09,437 - INFO - Role Management retrieved for user ID 1.
2024-10-28 14:26:10,540 - ERROR - Error while creating user root: User.create() got an unexpected keyword argument 'password_hash'
2024-10-28 14:26:18,537 - WARNING - Failed authentication attempt for username: root.
2024-10-28 14:26:24,693 - WARNING - Failed authentication attempt for username: root.
2024-10-28 14:26:27,755 - WARNING - Failed authentication attempt for username: root.
2024-10-28 20:57:32,707 - WARNING - Failed authentication attempt for username: root.
2024-10-28 20:57:44,261 - WARNING - Failed authentication attempt for username: root.
2024-10-28 20:58:26,831 - INFO - User root created with ID 1.
2024-10-28 20:58:26,834 - INFO - User root created successfully with role ID 1.
2024-10-28 20:58:33,302 - WARNING - Failed authentication attempt for username: root.
2024-10-28 20:58:36,517 - INFO - User root authenticated successfully.
2024-10-28 20:58:36,518 - INFO - Role Management retrieved for user ID 1.
2024-10-28 21:01:33,929 - WARNING - User with ID john not found.
2024-10-28 21:01:49,632 - WARNING - Failed authentication attempt for username: john.
2024-10-28 21:02:01,796 - WARNING - Failed authentication attempt for username: john.
2024-10-28 21:12:35,808 - WARNING - Failed authentication attempt for username: john.
2024-10-28 21:12:41,712 - INFO - User root authenticated successfully.
2024-10-28 21:12:41,713 - INFO - Role Management retrieved for user ID 1.
2024-10-28 21:15:17,416 - WARNING - User with ID harry not found.
2024-11-02 01:56:11,689 - INFO - User root created with ID 1.
2024-11-02 01:56:11,691 - INFO - User root created successfully with role ID 1.
2024-11-02 01:56:29,950 - INFO - User root authenticated successfully.
2024-11-02 01:56:29,952 - INFO - Role Management retrieved for user ID 1.
2024-11-02 01:57:33,974 - WARNING - User with ID john not found.
2024-11-02 01:57:55,197 - WARNING - Failed authentication attempt for username: john.
2024-11-02 01:58:06,735 - WARNING - Failed authentication attempt for username: john.
2024-11-02 01:58:12,425 - INFO - User root authenticated successfully.
2024-11-02 01:58:12,426 - INFO - Role Management retrieved for user ID 1.
2024-11-02 02:06:56,786 - ERROR - Error during authentication for root: 'bytes' object has no attribute 'encode'
2024-11-02 02:07:05,552 - ERROR - Error during authentication for root: 'bytes' object has no attribute 'encode'
2024-11-02 02:07:14,253 - ERROR - Error during authentication for root: 'bytes' object has no attribute 'encode'
2024-11-02 02:08:53,172 - ERROR - Error during authentication for root: 'bytes' object has no attribute 'encode'
2024-11-02 02:09:25,452 - INFO - User root created with ID 1.
2024-11-02 02:09:25,454 - INFO - User root created successfully with role ID 1.
2024-11-02 02:09:30,445 - INFO - User root authenticated successfully.
2024-11-02 02:09:30,446 - INFO - Role Management retrieved for user ID 1.
2024-11-02 02:09:56,835 - WARNING - User with ID john not found.
2024-11-02 02:10:21,847 - WARNING - Failed authentication attempt for username: root.
2024-11-02 02:10:26,061 - INFO - User root authenticated successfully.
2024-11-02 02:10:26,062 - INFO - Role Management retrieved for user ID 1.
2024-11-02 02:10:42,186 - WARNING - User with ID john not found.
2024-11-02 02:11:30,374 - INFO - Client John@gmai.com created with ID 1.
2024-11-02 02:14:43,574 - WARNING - Failed authentication attempt for username: root.
2024-11-02 02:14:47,554 - WARNING - Failed authentication attempt for username: root.
2024-11-02 02:14:53,345 - INFO - User root authenticated successfully.
2024-11-02 02:14:53,347 - INFO - Role Management retrieved for user ID 1.
2024-11-02 02:14:55,413 - ERROR - Database error in Client.create: UNIQUE constraint failed: clients.email
2024-11-02 02:14:55,413 - ERROR - Error creating client John Doe by user ID 1.
2024-11-02 02:14:58,082 - ERROR - Database error in Client.create: UNIQUE constraint failed: clients.email
2024-11-02 02:14:58,083 - ERROR - Error creating client John Doe by user ID 1.
2024-11-02 02:14:58,866 - ERROR - Database error in Client.create: UNIQUE constraint failed: clients.email
2024-11-02 02:14:58,866 - ERROR - Error creating client John Doe by user ID 1.
2024-11-02 02:14:59,447 - ERROR - Database error in Client.create: UNIQUE constraint failed: clients.email
2024-11-02 02:14:59,447 - ERROR - Error creating client John Doe by user ID 1.
2024-11-02 02:14:59,955 - ERROR - Database error in Client.create: UNIQUE constraint failed: clients.email
2024-11-02 02:14:59,955 - ERROR - Error creating client John Doe by user ID 1.
2024-11-02 02:18:08,431 - INFO - User root authenticated successfully.
2024-11-02 02:18:08,433 - INFO - Role Management retrieved for user ID 1.
2024-11-02 02:18:10,150 - ERROR - Integrity error in Client.create: UNIQUE constraint failed: clients.email
2024-11-02 02:19:02,159 - INFO - Client Harry@gmail.com created with ID 2.
2024-11-02 02:19:02,160 - INFO - Client Harry Doe created by user ID 1.
2024-11-02 02:21:19,696 - WARNING - User with ID john not found.
2024-11-02 02:21:30,577 - WARNING - User with ID john not found.
2024-11-02 02:38:15,735 - INFO - User root authenticated successfully.
2024-11-02 02:38:15,736 - INFO - Role Management retrieved for user ID 1.
2024-11-02 02:38:22,715 - INFO - User john created with ID 2.
2024-11-02 02:38:22,716 - INFO - User 'john' created by admin user ID 1.
2024-11-02 02:38:46,639 - INFO - User john authenticated successfully.
2024-11-02 02:38:46,640 - INFO - Role Commercial retrieved for user ID 2.
2024-11-02 02:39:12,929 - INFO - User john authenticated successfully.
2024-11-02 02:39:12,931 - INFO - Role Commercial retrieved for user ID 2.
2024-11-02 02:40:42,047 - INFO - User root authenticated successfully.
2024-11-02 02:40:42,048 - INFO - Role Management retrieved for user ID 1.
2024-11-02 02:40:43,919 - INFO - Client Harry@gmail.com with ID 2 deleted.
2024-11-02 02:40:43,919 - INFO - Client ID 2 deleted by user ID 1.
2024-11-02 02:40:50,391 - INFO - Client John@gmai.com with ID 1 deleted.
2024-11-02 02:40:50,392 - INFO - Client ID 1 deleted by user ID 1.
